Using pre-set license
Built from '2021.2/china_unity/release' branch; Version is '2021.2.5f1c1 (556459aa42ae) revision 5596249'; Using compiler version '192829333'; Build Type 'Release'
OS: 'Windows 11  (10.0.22000) 64bit CoreCountrySpecific' Language: 'zh' Physical Memory: 16235 MB
BatchMode: 1, IsHumanControllingUs: 0, StartBugReporterOnCrash: 0, Is64bit: 1, IsPro: 0

COMMAND LINE ARGUMENTS:
D:\unityEditor\2021.2.5f1c1\Editor\Unity.exe
-adb2
-batchMode
-noUpm
-name
AssetImportWorker1
-projectPath
E:/unique-project-client/src
-logFile
Logs/AssetImportWorker1.log
-srvPort
65457
Successfully changed project path to: E:/unique-project-client/src
E:/unique-project-client/src
[UnityMemory] Configuration Parameters - Can be set up in boot.config
    "memorysetup-bucket-allocator-granularity=16"
    "memorysetup-bucket-allocator-bucket-count=8"
    "memorysetup-bucket-allocator-block-size=33554432"
    "memorysetup-bucket-allocator-block-count=8"
    "memorysetup-main-allocator-block-size=16777216"
    "memorysetup-thread-allocator-block-size=16777216"
    "memorysetup-gfx-main-allocator-block-size=16777216"
    "memorysetup-gfx-thread-allocator-block-size=16777216"
    "memorysetup-cache-allocator-block-size=4194304"
    "memorysetup-typetree-allocator-block-size=2097152"
    "memorysetup-profiler-bucket-allocator-granularity=16"
    "memorysetup-profiler-bucket-allocator-bucket-count=8"
    "memorysetup-profiler-bucket-allocator-block-size=33554432"
    "memorysetup-profiler-bucket-allocator-block-count=8"
    "memorysetup-profiler-allocator-block-size=16777216"
    "memorysetup-profiler-editor-allocator-block-size=1048576"
    "memorysetup-temp-allocator-size-main=16777216"
    "memorysetup-job-temp-allocator-block-size=2097152"
    "memorysetup-job-temp-allocator-block-size-background=1048576"
    "memorysetup-job-temp-allocator-reduction-small-platforms=262144"
    "memorysetup-temp-allocator-size-background-worker=32768"
    "memorysetup-temp-allocator-size-job-worker=262144"
    "memorysetup-temp-allocator-size-preload-manager=33554432"
    "memorysetup-temp-allocator-size-nav-mesh-worker=65536"
    "memorysetup-temp-allocator-size-audio-worker=65536"
    "memorysetup-temp-allocator-size-cloud-worker=32768"
    "memorysetup-temp-allocator-size-gi-baking-worker=262144"
    "memorysetup-temp-allocator-size-gfx=262144"
AS: AutoStreaming module initializing.
Refreshing native plugins compatible for Editor in 23.24 ms, found 2 plugins.
Preloading 0 native plugins for Editor in 0.00 ms.
Initialize engine version: 2021.2.5f1c1 (556459aa42ae)
[Subsystems] Discovering subsystems at path D:/unityEditor/2021.2.5f1c1/Editor/Data/Resources/UnitySubsystems
[Subsystems] Discovering subsystems at path E:/unique-project-client/src/Assets
GfxDevice: creating device client; threaded=0; jobified=0
Direct3D:
    Version:  Direct3D 11.0 [level 11.1]
    Renderer: NVIDIA GeForce RTX 3060 Laptop GPU (ID=0x2560)
    Vendor:   NVIDIA
    VRAM:     6023 MB
    Driver:   30.0.15.1236
Initialize mono
Mono path[0] = 'D:/unityEditor/2021.2.5f1c1/Editor/Data/Managed'
Mono path[1] = 'D:/unityEditor/2021.2.5f1c1/Editor/Data/MonoBleedingEdge/lib/mono/unityjit-win32'
Mono config path = 'D:/unityEditor/2021.2.5f1c1/Editor/Data/MonoBleedingEdge/etc'
Using monoOptions --debugger-agent=transport=dt_socket,embedding=1,server=y,suspend=n,address=127.0.0.1:56644
Begin MonoManager ReloadAssembly
Registering precompiled unity dll's ...
Register platform support module: D:/unityEditor/2021.2.5f1c1/Editor/Data/PlaybackEngines/WindowsStandaloneSupport/UnityEditor.WindowsStandalone.Extensions.dll
Registered in 0.001770 seconds.
Native extension for WindowsStandalone target not found
Refreshing native plugins compatible for Editor in 22.90 ms, found 2 plugins.
Preloading 0 native plugins for Editor in 0.00 ms.
Mono: successfully reloaded assembly
- Completed reload, in  0.436 seconds
Domain Reload Profiling:
	ReloadAssembly (436ms)
		BeginReloadAssembly (64ms)
			ExecutionOrderSort (0ms)
			DisableScriptedObjects (0ms)
			BackupInstance (0ms)
			ReleaseScriptingObjects (0ms)
			CreateAndSetChildDomain (1ms)
		EndReloadAssembly (310ms)
			LoadAssemblies (61ms)
			RebuildTransferFunctionScriptingTraits (0ms)
			SetupTypeCache (75ms)
			ReleaseScriptCaches (0ms)
			RebuildScriptCaches (24ms)
			SetupLoadedEditorAssemblies (170ms)
				LogAssemblyErrors (0ms)
				InitializePlatformSupportModulesInManaged (11ms)
				SetLoadedEditorAssemblies (0ms)
				RefreshPlugins (23ms)
				BeforeProcessingInitializeOnLoad (1ms)
				ProcessInitializeOnLoadAttributes (97ms)
				ProcessInitializeOnLoadMethodAttributes (37ms)
				AfterProcessingInitializeOnLoad (0ms)
				EditorAssembliesLoaded (0ms)
			ExecutionOrderSort2 (0ms)
			AwakeInstancesAfterBackupRestoration (0ms)
Platform modules already initialized, skipping
Registering precompiled user dll's ...
Registered in 0.006071 seconds.
Begin MonoManager ReloadAssembly
Native extension for WindowsStandalone target not found
Refreshing native plugins compatible for Editor in 0.33 ms, found 2 plugins.
Preloading 0 native plugins for Editor in 0.00 ms.
Mono: successfully reloaded assembly
- Completed reload, in  0.793 seconds
Domain Reload Profiling:
	ReloadAssembly (794ms)
		BeginReloadAssembly (160ms)
			ExecutionOrderSort (0ms)
			DisableScriptedObjects (5ms)
			BackupInstance (0ms)
			ReleaseScriptingObjects (0ms)
			CreateAndSetChildDomain (18ms)
		EndReloadAssembly (542ms)
			LoadAssemblies (59ms)
			RebuildTransferFunctionScriptingTraits (0ms)
			SetupTypeCache (139ms)
			ReleaseScriptCaches (0ms)
			RebuildScriptCaches (34ms)
			SetupLoadedEditorAssemblies (236ms)
				LogAssemblyErrors (0ms)
				InitializePlatformSupportModulesInManaged (9ms)
				SetLoadedEditorAssemblies (0ms)
				RefreshPlugins (0ms)
				BeforeProcessingInitializeOnLoad (43ms)
				ProcessInitializeOnLoadAttributes (157ms)
				ProcessInitializeOnLoadMethodAttributes (18ms)
				AfterProcessingInitializeOnLoad (9ms)
				EditorAssembliesLoaded (0ms)
			ExecutionOrderSort2 (0ms)
			AwakeInstancesAfterBackupRestoration (6ms)
Platform modules already initialized, skipping
========================================================================
Worker process is ready to serve import requests
Launched and connected shader compiler UnityShaderCompiler.exe after 0.03 seconds
Refreshing native plugins compatible for Editor in 0.32 ms, found 2 plugins.
Preloading 0 native plugins for Editor in 0.00 ms.
Unloading 1634 Unused Serialized files (Serialized files now loaded: 0)
Unloading 23 unused Assets / (55.7 KB). Loaded Objects now: 2095.
Memory consumption went from 79.3 MB to 79.2 MB.
Total: 2.032800 ms (FindLiveObjects: 0.137000 ms CreateObjectMapping: 0.030800 ms MarkObjects: 1.806800 ms  DeleteObjects: 0.057300 ms)

AssetImportParameters requested are different than current active one (requested -> active):
  custom:video-decoder-ogg-theora: a1e56fd34408186e4bbccfd4996cb3dc -> 
  custom:container-muxer-webm: aa71ff27fc2769a1b78a27578f13a17b -> 
  custom:container-demuxer-webm: 4f35f7cbe854078d1ac9338744f61a02 -> 
  custom:video-encoder-webm-vp8: eb34c28f22e8b96e1ab97ce403110664 -> 
  custom:video-codec-MediaFoundation-h265: 746d11721c4dcdbdad8f713fa42b33f4 -> 
  custom:audio-encoder-webm-vorbis: bf7c407c2cedff20999df2af8eb42d56 -> 
  custom:framework-win-MediaFoundation: 216162199b28c13a410421893ffa2e32 -> 
  custom:container-demuxer-ogg: 62fdf1f143b41e24485cea50d1cbac27 -> 
  custom:video-decoder-webm-vp8: 9c59270c3fd7afecdb556c50c9e8de78 -> 
  custom:audio-decoder-ogg-vorbis: bf7c407c2cedff20999df2af8eb42d56 -> 
========================================================================
Received Import Request.
  Time since last request: 66367.262630 seconds.
  path: Assets/Resources/UIPrefabs/UIMatchWait.prefab
  artifactKey: Guid(2277a25d918956448b5c67e6c73db10b) Importer(815301076,1909f56bfc062723c751e8b465ee728b)
Start importing Assets/Resources/UIPrefabs/UIMatchWait.prefab using Guid(2277a25d918956448b5c67e6c73db10b) Importer(815301076,1909f56bfc062723c751e8b465ee728b)  -> (artifact id: '2a721cbeadae593fdc3f97562974513e') in 0.034678 seconds 
========================================================================
Received Import Request.
  Time since last request: 0.000019 seconds.
  path: Assets/Resources/UIPrefabs/UIGameOver.prefab
  artifactKey: Guid(226b986b981698f4d9c1745a29a57c8a) Importer(815301076,1909f56bfc062723c751e8b465ee728b)
Start importing Assets/Resources/UIPrefabs/UIGameOver.prefab using Guid(226b986b981698f4d9c1745a29a57c8a) Importer(815301076,1909f56bfc062723c751e8b465ee728b)  -> (artifact id: 'b550106065ee105c7de8b1ac994207d2') in 0.002964 seconds 
========================================================================
Received Prepare
Registering precompiled user dll's ...
Registered in 0.008925 seconds.
Begin MonoManager ReloadAssembly
Native extension for WindowsStandalone target not found
Refreshing native plugins compatible for Editor in 0.35 ms, found 2 plugins.
Preloading 0 native plugins for Editor in 0.00 ms.
Mono: successfully reloaded assembly
- Completed reload, in  0.921 seconds
Domain Reload Profiling:
	ReloadAssembly (921ms)
		BeginReloadAssembly (142ms)
			ExecutionOrderSort (0ms)
			DisableScriptedObjects (6ms)
			BackupInstance (0ms)
			ReleaseScriptingObjects (0ms)
			CreateAndSetChildDomain (32ms)
		EndReloadAssembly (671ms)
			LoadAssemblies (76ms)
			RebuildTransferFunctionScriptingTraits (0ms)
			SetupTypeCache (166ms)
			ReleaseScriptCaches (1ms)
			RebuildScriptCaches (41ms)
			SetupLoadedEditorAssemblies (279ms)
				LogAssemblyErrors (0ms)
				InitializePlatformSupportModulesInManaged (11ms)
				SetLoadedEditorAssemblies (0ms)
				RefreshPlugins (0ms)
				BeforeProcessingInitializeOnLoad (42ms)
				ProcessInitializeOnLoadAttributes (194ms)
				ProcessInitializeOnLoadMethodAttributes (19ms)
				AfterProcessingInitializeOnLoad (11ms)
				EditorAssembliesLoaded (0ms)
			ExecutionOrderSort2 (0ms)
			AwakeInstancesAfterBackupRestoration (8ms)
Platform modules already initialized, skipping
Refreshing native plugins compatible for Editor in 0.34 ms, found 2 plugins.
Preloading 0 native plugins for Editor in 0.00 ms.
Unloading 1628 Unused Serialized files (Serialized files now loaded: 0)
Unloading 18 unused Assets / (24.6 KB). Loaded Objects now: 2097.
Memory consumption went from 79.2 MB to 79.2 MB.
Total: 2.698400 ms (FindLiveObjects: 0.145600 ms CreateObjectMapping: 0.031200 ms MarkObjects: 2.496200 ms  DeleteObjects: 0.023300 ms)

AssetImportParameters requested are different than current active one (requested -> active):
  custom:video-decoder-ogg-theora: a1e56fd34408186e4bbccfd4996cb3dc -> 
  custom:container-muxer-webm: aa71ff27fc2769a1b78a27578f13a17b -> 
  custom:container-demuxer-webm: 4f35f7cbe854078d1ac9338744f61a02 -> 
  custom:video-encoder-webm-vp8: eb34c28f22e8b96e1ab97ce403110664 -> 
  custom:video-codec-MediaFoundation-h265: 746d11721c4dcdbdad8f713fa42b33f4 -> 
  custom:audio-encoder-webm-vorbis: bf7c407c2cedff20999df2af8eb42d56 -> 
  custom:framework-win-MediaFoundation: 216162199b28c13a410421893ffa2e32 -> 
  custom:container-demuxer-ogg: 62fdf1f143b41e24485cea50d1cbac27 -> 
  custom:video-decoder-webm-vp8: 9c59270c3fd7afecdb556c50c9e8de78 -> 
  custom:audio-decoder-ogg-vorbis: bf7c407c2cedff20999df2af8eb42d56 -> 
========================================================================
Received Prepare
Registering precompiled user dll's ...
Registered in 0.006471 seconds.
Begin MonoManager ReloadAssembly
Native extension for WindowsStandalone target not found
Refreshing native plugins compatible for Editor in 0.31 ms, found 2 plugins.
Preloading 0 native plugins for Editor in 0.00 ms.
Mono: successfully reloaded assembly
- Completed reload, in  0.710 seconds
Domain Reload Profiling:
	ReloadAssembly (710ms)
		BeginReloadAssembly (98ms)
			ExecutionOrderSort (0ms)
			DisableScriptedObjects (4ms)
			BackupInstance (0ms)
			ReleaseScriptingObjects (0ms)
			CreateAndSetChildDomain (23ms)
		EndReloadAssembly (530ms)
			LoadAssemblies (60ms)
			RebuildTransferFunctionScriptingTraits (0ms)
			SetupTypeCache (139ms)
			ReleaseScriptCaches (1ms)
			RebuildScriptCaches (27ms)
			SetupLoadedEditorAssemblies (226ms)
				LogAssemblyErrors (0ms)
				InitializePlatformSupportModulesInManaged (9ms)
				SetLoadedEditorAssemblies (0ms)
				RefreshPlugins (0ms)
				BeforeProcessingInitializeOnLoad (34ms)
				ProcessInitializeOnLoadAttributes (158ms)
				ProcessInitializeOnLoadMethodAttributes (18ms)
				AfterProcessingInitializeOnLoad (7ms)
				EditorAssembliesLoaded (0ms)
			ExecutionOrderSort2 (0ms)
			AwakeInstancesAfterBackupRestoration (6ms)
Platform modules already initialized, skipping
Refreshing native plugins compatible for Editor in 0.33 ms, found 2 plugins.
Preloading 0 native plugins for Editor in 0.00 ms.
Unloading 1628 Unused Serialized files (Serialized files now loaded: 0)
Unloading 18 unused Assets / (24.6 KB). Loaded Objects now: 2099.
Memory consumption went from 79.2 MB to 79.2 MB.
Total: 2.736500 ms (FindLiveObjects: 0.136600 ms CreateObjectMapping: 0.030600 ms MarkObjects: 2.552500 ms  DeleteObjects: 0.015500 ms)

AssetImportParameters requested are different than current active one (requested -> active):
  custom:video-decoder-ogg-theora: a1e56fd34408186e4bbccfd4996cb3dc -> 
  custom:container-muxer-webm: aa71ff27fc2769a1b78a27578f13a17b -> 
  custom:container-demuxer-webm: 4f35f7cbe854078d1ac9338744f61a02 -> 
  custom:video-encoder-webm-vp8: eb34c28f22e8b96e1ab97ce403110664 -> 
  custom:video-codec-MediaFoundation-h265: 746d11721c4dcdbdad8f713fa42b33f4 -> 
  custom:audio-encoder-webm-vorbis: bf7c407c2cedff20999df2af8eb42d56 -> 
  custom:framework-win-MediaFoundation: 216162199b28c13a410421893ffa2e32 -> 
  custom:container-demuxer-ogg: 62fdf1f143b41e24485cea50d1cbac27 -> 
  custom:video-decoder-webm-vp8: 9c59270c3fd7afecdb556c50c9e8de78 -> 
  custom:audio-decoder-ogg-vorbis: bf7c407c2cedff20999df2af8eb42d56 -> 
========================================================================
Received Prepare
Registering precompiled user dll's ...
Registered in 0.006086 seconds.
Begin MonoManager ReloadAssembly
Native extension for WindowsStandalone target not found
Refreshing native plugins compatible for Editor in 0.33 ms, found 2 plugins.
Preloading 0 native plugins for Editor in 0.00 ms.
Mono: successfully reloaded assembly
- Completed reload, in  0.753 seconds
Domain Reload Profiling:
	ReloadAssembly (754ms)
		BeginReloadAssembly (114ms)
			ExecutionOrderSort (0ms)
			DisableScriptedObjects (4ms)
			BackupInstance (0ms)
			ReleaseScriptingObjects (0ms)
			CreateAndSetChildDomain (24ms)
		EndReloadAssembly (553ms)
			LoadAssemblies (68ms)
			RebuildTransferFunctionScriptingTraits (0ms)
			SetupTypeCache (141ms)
			ReleaseScriptCaches (1ms)
			RebuildScriptCaches (28ms)
			SetupLoadedEditorAssemblies (239ms)
				LogAssemblyErrors (0ms)
				InitializePlatformSupportModulesInManaged (10ms)
				SetLoadedEditorAssemblies (0ms)
				RefreshPlugins (0ms)
				BeforeProcessingInitializeOnLoad (39ms)
				ProcessInitializeOnLoadAttributes (162ms)
				ProcessInitializeOnLoadMethodAttributes (18ms)
				AfterProcessingInitializeOnLoad (9ms)
				EditorAssembliesLoaded (0ms)
			ExecutionOrderSort2 (0ms)
			AwakeInstancesAfterBackupRestoration (6ms)
Platform modules already initialized, skipping
Refreshing native plugins compatible for Editor in 0.30 ms, found 2 plugins.
Preloading 0 native plugins for Editor in 0.00 ms.
Unloading 1628 Unused Serialized files (Serialized files now loaded: 0)
Unloading 18 unused Assets / (24.6 KB). Loaded Objects now: 2101.
Memory consumption went from 79.2 MB to 79.2 MB.
Total: 2.270700 ms (FindLiveObjects: 0.130600 ms CreateObjectMapping: 0.031100 ms MarkObjects: 2.086000 ms  DeleteObjects: 0.021600 ms)

AssetImportParameters requested are different than current active one (requested -> active):
  custom:video-decoder-ogg-theora: a1e56fd34408186e4bbccfd4996cb3dc -> 
  custom:container-muxer-webm: aa71ff27fc2769a1b78a27578f13a17b -> 
  custom:container-demuxer-webm: 4f35f7cbe854078d1ac9338744f61a02 -> 
  custom:video-encoder-webm-vp8: eb34c28f22e8b96e1ab97ce403110664 -> 
  custom:video-codec-MediaFoundation-h265: 746d11721c4dcdbdad8f713fa42b33f4 -> 
  custom:audio-encoder-webm-vorbis: bf7c407c2cedff20999df2af8eb42d56 -> 
  custom:framework-win-MediaFoundation: 216162199b28c13a410421893ffa2e32 -> 
  custom:container-demuxer-ogg: 62fdf1f143b41e24485cea50d1cbac27 -> 
  custom:video-decoder-webm-vp8: 9c59270c3fd7afecdb556c50c9e8de78 -> 
  custom:audio-decoder-ogg-vorbis: bf7c407c2cedff20999df2af8eb42d56 -> 
========================================================================
Received Import Request.
  Time since last request: 117.133249 seconds.
  path: Assets/Resources/Arts/_HUD/BBB/初始界面/音响.png
  artifactKey: Guid(9e92fccb2670ef34c840b949310e9ec7) Importer(815301076,1909f56bfc062723c751e8b465ee728b)
Start importing Assets/Resources/Arts/_HUD/BBB/初始界面/音响.png using Guid(9e92fccb2670ef34c840b949310e9ec7) Importer(815301076,1909f56bfc062723c751e8b465ee728b)  -> (artifact id: '1f13890835847b21713eeb8bc836b0bf') in 0.096307 seconds 
========================================================================
Received Import Request.
  Time since last request: 0.026728 seconds.
  path: Assets/Resources/Arts/_HUD/路径点.png
  artifactKey: Guid(702e2f4ffc21e294dae9bc0763a29447) Importer(815301076,1909f56bfc062723c751e8b465ee728b)
Start importing Assets/Resources/Arts/_HUD/路径点.png using Guid(702e2f4ffc21e294dae9bc0763a29447) Importer(815301076,1909f56bfc062723c751e8b465ee728b)  -> (artifact id: '25fb2286635b6e6474708701266392f8') in 0.015438 seconds 
========================================================================
Received Import Request.
  Time since last request: 0.239552 seconds.
  path: Assets/Resources/Arts/_HUD/赌怪.png
  artifactKey: Guid(fa3caf43a8103df418eb1b61cfbde4e2) Importer(815301076,1909f56bfc062723c751e8b465ee728b)
Start importing Assets/Resources/Arts/_HUD/赌怪.png using Guid(fa3caf43a8103df418eb1b61cfbde4e2) Importer(815301076,1909f56bfc062723c751e8b465ee728b)  -> (artifact id: 'e63352c24c195ea5cbd5629abb8640e3') in 0.017654 seconds 
========================================================================
Received Import Request.
  Time since last request: 0.000017 seconds.
  path: Assets/Resources/Arts/_HUD/BBB/模式选择界面/联机对战.png
  artifactKey: Guid(f7a60cf9162da4b4a836d17708be72a1) Importer(815301076,1909f56bfc062723c751e8b465ee728b)
Start importing Assets/Resources/Arts/_HUD/BBB/模式选择界面/联机对战.png using Guid(f7a60cf9162da4b4a836d17708be72a1) Importer(815301076,1909f56bfc062723c751e8b465ee728b)  -> (artifact id: 'dc897328e45a9082f40fbc2a6fca6b49') in 0.015567 seconds 
========================================================================
Received Import Request.
  Time since last request: 0.035099 seconds.
  path: Assets/Resources/Arts/_HUD/箭头.png
  artifactKey: Guid(985dd75cfb0e95d4cad460898418b82c) Importer(815301076,1909f56bfc062723c751e8b465ee728b)
Start importing Assets/Resources/Arts/_HUD/箭头.png using Guid(985dd75cfb0e95d4cad460898418b82c) Importer(815301076,1909f56bfc062723c751e8b465ee728b)  -> (artifact id: '597fd2c528c6491695ceec6b06cd1c8d') in 0.013286 seconds 
========================================================================
Received Import Request.
  Time since last request: 0.196189 seconds.
  path: Assets/Resources/Arts/_HUD/第一步.png
  artifactKey: Guid(f101dceff39c3ca4c8611a0de7b828fb) Importer(815301076,1909f56bfc062723c751e8b465ee728b)
Start importing Assets/Resources/Arts/_HUD/第一步.png using Guid(f101dceff39c3ca4c8611a0de7b828fb) Importer(815301076,1909f56bfc062723c751e8b465ee728b)  -> (artifact id: '3fb0fe3d2cf89f31ef299c0ba98021ee') in 0.192796 seconds 
========================================================================
Received Import Request.
  Time since last request: 0.000022 seconds.
  path: Assets/Resources/Arts/_HUD/BBB/初始界面/开始游戏.png
  artifactKey: Guid(01724e39d1f46f44d80a50e90d4b30bc) Importer(815301076,1909f56bfc062723c751e8b465ee728b)
Start importing Assets/Resources/Arts/_HUD/BBB/初始界面/开始游戏.png using Guid(01724e39d1f46f44d80a50e90d4b30bc) Importer(815301076,1909f56bfc062723c751e8b465ee728b)  -> (artifact id: '3fcdc548078d31630084e1c54463ae84') in 0.014525 seconds 
========================================================================
Received Import Request.
  Time since last request: 0.000023 seconds.
  path: Assets/Resources/Arts/_HUD/BBB/模式选择界面/双人图标.png
  artifactKey: Guid(6a009e08f42bc52429b7b7bb3c02918b) Importer(815301076,1909f56bfc062723c751e8b465ee728b)
Start importing Assets/Resources/Arts/_HUD/BBB/模式选择界面/双人图标.png using Guid(6a009e08f42bc52429b7b7bb3c02918b) Importer(815301076,1909f56bfc062723c751e8b465ee728b)  -> (artifact id: '568b23236fb755ee9095862032fd2772') in 0.097441 seconds 
========================================================================
Received Import Request.
  Time since last request: 0.000024 seconds.
  path: Assets/Resources/Arts/_HUD/BBB/模式选择界面/单人图标.png
  artifactKey: Guid(a5cde422f87a61743a54cd2f0c33e71d) Importer(815301076,1909f56bfc062723c751e8b465ee728b)
Start importing Assets/Resources/Arts/_HUD/BBB/模式选择界面/单人图标.png using Guid(a5cde422f87a61743a54cd2f0c33e71d) Importer(815301076,1909f56bfc062723c751e8b465ee728b)  -> (artifact id: '99de13c2eb45782e914f83d90ceec971') in 0.111318 seconds 
========================================================================
Received Import Request.
  Time since last request: 0.000020 seconds.
  path: Assets/Resources/Arts/_HUD/不能挡路.png
  artifactKey: Guid(9e9da15756b3c6040b70787a0025c250) Importer(815301076,1909f56bfc062723c751e8b465ee728b)
Start importing Assets/Resources/Arts/_HUD/不能挡路.png using Guid(9e9da15756b3c6040b70787a0025c250) Importer(815301076,1909f56bfc062723c751e8b465ee728b)  -> (artifact id: '62a865398468c404941ca96cef8caf8a') in 0.012706 seconds 
========================================================================
Received Import Request.
  Time since last request: 0.000022 seconds.
  path: Assets/Resources/Arts/_HUD/对战结束/WINNER背景.jpg
  artifactKey: Guid(110e4b72babeefc4b8fe1fb3165e9ed0) Importer(815301076,1909f56bfc062723c751e8b465ee728b)
Start importing Assets/Resources/Arts/_HUD/对战结束/WINNER背景.jpg using Guid(110e4b72babeefc4b8fe1fb3165e9ed0) Importer(815301076,1909f56bfc062723c751e8b465ee728b)  -> (artifact id: '61bf853f88d55c42170605468215ef74') in 0.159593 seconds 
========================================================================
Received Import Request.
  Time since last request: 0.495751 seconds.
  path: Assets/Resources/Arts/_HUD/BBB/初始界面/success-red.png
  artifactKey: Guid(73b830fb084a16641b8d2003351f103d) Importer(815301076,1909f56bfc062723c751e8b465ee728b)
Start importing Assets/Resources/Arts/_HUD/BBB/初始界面/success-red.png using Guid(73b830fb084a16641b8d2003351f103d) Importer(815301076,1909f56bfc062723c751e8b465ee728b)  -> (artifact id: 'a731eac32cac4f0f2ea85f6ec7658213') in 0.134585 seconds 
========================================================================
Received Import Request.
  Time since last request: 0.000016 seconds.
  path: Assets/Resources/Arts/_HUD/角色&火球/ball--yellow.png
  artifactKey: Guid(5e887163a56ac2047829e9e90fa300b4) Importer(815301076,1909f56bfc062723c751e8b465ee728b)
Start importing Assets/Resources/Arts/_HUD/角色&火球/ball--yellow.png using Guid(5e887163a56ac2047829e9e90fa300b4) Importer(815301076,1909f56bfc062723c751e8b465ee728b)  -> (artifact id: '5bfaa6c9e48ecb57bdd35527c2442795') in 0.014664 seconds 
========================================================================
Received Import Request.
  Time since last request: 0.000017 seconds.
  path: Assets/Resources/Arts/_HUD/角色&火球/role--yellow.png
  artifactKey: Guid(9cbfa938e767e2143ad8d9d9d1b40df2) Importer(815301076,1909f56bfc062723c751e8b465ee728b)
Start importing Assets/Resources/Arts/_HUD/角色&火球/role--yellow.png using Guid(9cbfa938e767e2143ad8d9d9d1b40df2) Importer(815301076,1909f56bfc062723c751e8b465ee728b)  -> (artifact id: 'e5f3963d677daf2920f10606827e7dcc') in 0.023038 seconds 
========================================================================
Received Import Request.
  Time since last request: 0.000024 seconds.
  path: Assets/Resources/Arts/_HUD/_up.png
  artifactKey: Guid(22888f1b8736fad48a924b588955f31e) Importer(815301076,1909f56bfc062723c751e8b465ee728b)
Start importing Assets/Resources/Arts/_HUD/_up.png using Guid(22888f1b8736fad48a924b588955f31e) Importer(815301076,1909f56bfc062723c751e8b465ee728b)  -> (artifact id: 'f04c20d6efb51e26832d7eda1d279cb8') in 0.031039 seconds 
========================================================================
Received Import Request.
  Time since last request: 0.000022 seconds.
  path: Assets/Resources/Arts/_HUD/_logo.png
  artifactKey: Guid(9062ba0acd4f8684f85093893ec6a82b) Importer(815301076,1909f56bfc062723c751e8b465ee728b)
Start importing Assets/Resources/Arts/_HUD/_logo.png using Guid(9062ba0acd4f8684f85093893ec6a82b) Importer(815301076,1909f56bfc062723c751e8b465ee728b)  -> (artifact id: '927f5837bfb1e73cb2c1023500c08f0d') in 0.109091 seconds 
========================================================================
Received Import Request.
  Time since last request: 0.000030 seconds.
  path: Assets/Resources/Arts/_HUD/BBB/模式选择界面/2v2图标.png
  artifactKey: Guid(fd0130612529cd5448c52e8bacfefe01) Importer(815301076,1909f56bfc062723c751e8b465ee728b)
Start importing Assets/Resources/Arts/_HUD/BBB/模式选择界面/2v2图标.png using Guid(fd0130612529cd5448c52e8bacfefe01) Importer(815301076,1909f56bfc062723c751e8b465ee728b)  -> (artifact id: 'defe223d07485695277188b39dfb9e53') in 0.078095 seconds 
========================================================================
Received Import Request.
  Time since last request: 0.000021 seconds.
  path: Assets/Resources/Arts/_HUD/_retry_a.png
  artifactKey: Guid(61c143e8ba4f7e34c85ccd0f85baacbc) Importer(815301076,1909f56bfc062723c751e8b465ee728b)
Start importing Assets/Resources/Arts/_HUD/_retry_a.png using Guid(61c143e8ba4f7e34c85ccd0f85baacbc) Importer(815301076,1909f56bfc062723c751e8b465ee728b)  -> (artifact id: '9539d7e075768deff78e5383d844c4b0') in 0.023764 seconds 
========================================================================
Received Import Request.
  Time since last request: 0.000018 seconds.
  path: Assets/Resources/Arts/_HUD/BBB/对战界面/BBB-block.png
  artifactKey: Guid(cc07a588d5c8f4c408c2d4b44776c84d) Importer(815301076,1909f56bfc062723c751e8b465ee728b)
Start importing Assets/Resources/Arts/_HUD/BBB/对战界面/BBB-block.png using Guid(cc07a588d5c8f4c408c2d4b44776c84d) Importer(815301076,1909f56bfc062723c751e8b465ee728b)  -> (artifact id: '21e6057c58aa2f65ef99b428e38a8c5f') in 0.219402 seconds 
========================================================================
Received Import Request.
  Time since last request: 0.000024 seconds.
  path: Assets/Resources/Arts/_HUD/Move.png
  artifactKey: Guid(8329e6c7b5cb29c458281e0072ddefd5) Importer(815301076,1909f56bfc062723c751e8b465ee728b)
Start importing Assets/Resources/Arts/_HUD/Move.png using Guid(8329e6c7b5cb29c458281e0072ddefd5) Importer(815301076,1909f56bfc062723c751e8b465ee728b)  -> (artifact id: '665e354b353416ef4851566d32105478') in 0.016582 seconds 
========================================================================
Received Import Request.
  Time since last request: 0.000021 seconds.
  path: Assets/Resources/Arts/_HUD/角色&火球/ball--blue.png
  artifactKey: Guid(cd02e16862d64134a978bd8e782b2b94) Importer(815301076,1909f56bfc062723c751e8b465ee728b)
Start importing Assets/Resources/Arts/_HUD/角色&火球/ball--blue.png using Guid(cd02e16862d64134a978bd8e782b2b94) Importer(815301076,1909f56bfc062723c751e8b465ee728b)  -> (artifact id: 'b7801b9045103b623c21da88576e307a') in 0.011186 seconds 
========================================================================
Received Import Request.
  Time since last request: 0.000015 seconds.
  path: Assets/Resources/Arts/_HUD/角色&火球/ball--green.png
  artifactKey: Guid(2541c6b6f28d081408d3f0f4ccc85c42) Importer(815301076,1909f56bfc062723c751e8b465ee728b)
Start importing Assets/Resources/Arts/_HUD/角色&火球/ball--green.png using Guid(2541c6b6f28d081408d3f0f4ccc85c42) Importer(815301076,1909f56bfc062723c751e8b465ee728b)  -> (artifact id: '573de13bc677bf4a23979732f2f48fec') in 0.011956 seconds 
========================================================================
Received Import Request.
  Time since last request: 0.000016 seconds.
  path: Assets/Resources/Arts/_HUD/Image002.png
  artifactKey: Guid(279feba77716d2149825428abe6e9a5f) Importer(815301076,1909f56bfc062723c751e8b465ee728b)
Start importing Assets/Resources/Arts/_HUD/Image002.png using Guid(279feba77716d2149825428abe6e9a5f) Importer(815301076,1909f56bfc062723c751e8b465ee728b)  -> (artifact id: 'ed3386f81c407ab21040e634b1211f04') in 0.093653 seconds 
========================================================================
Received Import Request.
  Time since last request: 0.000017 seconds.
  path: Assets/Resources/Arts/_HUD/角色&火球/role--red.png
  artifactKey: Guid(a51c1cb77fc0f39418b66f072d76f747) Importer(815301076,1909f56bfc062723c751e8b465ee728b)
Start importing Assets/Resources/Arts/_HUD/角色&火球/role--red.png using Guid(a51c1cb77fc0f39418b66f072d76f747) Importer(815301076,1909f56bfc062723c751e8b465ee728b)  -> (artifact id: 'c42043a6de9011a88566bf57a0faa008') in 0.015656 seconds 
========================================================================
Received Import Request.
  Time since last request: 0.000016 seconds.
  path: Assets/Resources/Arts/_HUD/BBB/模式选择界面/solo图标.png
  artifactKey: Guid(260f1316e89e57c4db64185fc1ecff27) Importer(815301076,1909f56bfc062723c751e8b465ee728b)
Start importing Assets/Resources/Arts/_HUD/BBB/模式选择界面/solo图标.png using Guid(260f1316e89e57c4db64185fc1ecff27) Importer(815301076,1909f56bfc062723c751e8b465ee728b)  -> (artifact id: 'd62976fa424f79fb26774ca14a3782ec') in 0.085032 seconds 
========================================================================
Received Import Request.
  Time since last request: 0.000023 seconds.
  path: Assets/Resources/Arts/_HUD/_fx_on.png
  artifactKey: Guid(a7654fd2aac73ba48ae5993899315298) Importer(815301076,1909f56bfc062723c751e8b465ee728b)
Start importing Assets/Resources/Arts/_HUD/_fx_on.png using Guid(a7654fd2aac73ba48ae5993899315298) Importer(815301076,1909f56bfc062723c751e8b465ee728b)  -> (artifact id: 'd5a83362211f00223f931ef1ae225da8') in 0.018043 seconds 
========================================================================
Received Import Request.
  Time since last request: 0.000025 seconds.
  path: Assets/Resources/Arts/_HUD/_retry_b.png
  artifactKey: Guid(088fc699076243045846441ab54f0f75) Importer(815301076,1909f56bfc062723c751e8b465ee728b)
Start importing Assets/Resources/Arts/_HUD/_retry_b.png using Guid(088fc699076243045846441ab54f0f75) Importer(815301076,1909f56bfc062723c751e8b465ee728b)  -> (artifact id: 'd1b370bde889c37b80e45344605f969f') in 0.020044 seconds 
========================================================================
Received Import Request.
  Time since last request: 0.000024 seconds.
  path: Assets/Resources/Arts/_HUD/角色&火球/role--cyan.png
  artifactKey: Guid(cec675e3ceb6b8544b1036d96644e009) Importer(815301076,1909f56bfc062723c751e8b465ee728b)
Start importing Assets/Resources/Arts/_HUD/角色&火球/role--cyan.png using Guid(cec675e3ceb6b8544b1036d96644e009) Importer(815301076,1909f56bfc062723c751e8b465ee728b)  -> (artifact id: '834ffc7ecfa564feaf517a7742a8aa8c') in 0.013631 seconds 
========================================================================
Received Import Request.
  Time since last request: 0.000020 seconds.
  path: Assets/Resources/Arts/_HUD/_fx_off.png
  artifactKey: Guid(c50a070c29955ab4db7aeed7731ee856) Importer(815301076,1909f56bfc062723c751e8b465ee728b)
Start importing Assets/Resources/Arts/_HUD/_fx_off.png using Guid(c50a070c29955ab4db7aeed7731ee856) Importer(815301076,1909f56bfc062723c751e8b465ee728b)  -> (artifact id: 'f11833b8c979e8ef38be9d671d1f9704') in 0.018520 seconds 
========================================================================
Received Import Request.
  Time since last request: 0.000024 seconds.
  path: Assets/Resources/Arts/_HUD/BBB/对战界面/BBB-move-blue.png
  artifactKey: Guid(8c3b143b1ba2b024b9646e2088e67cd4) Importer(815301076,1909f56bfc062723c751e8b465ee728b)
Start importing Assets/Resources/Arts/_HUD/BBB/对战界面/BBB-move-blue.png using Guid(8c3b143b1ba2b024b9646e2088e67cd4) Importer(815301076,1909f56bfc062723c751e8b465ee728b)  -> (artifact id: 'f0307a48252f9cf7b3dbdd1c25c88ba4') in 0.146769 seconds 
========================================================================
Received Import Request.
  Time since last request: 0.000024 seconds.
  path: Assets/Resources/Arts/_HUD/角色&火球/ball--cyan.png
  artifactKey: Guid(bd5d962fe12cfaa4aa34a4cf83544120) Importer(815301076,1909f56bfc062723c751e8b465ee728b)
Start importing Assets/Resources/Arts/_HUD/角色&火球/ball--cyan.png using Guid(bd5d962fe12cfaa4aa34a4cf83544120) Importer(815301076,1909f56bfc062723c751e8b465ee728b)  -> (artifact id: '02029ecb7161abdebf1eebef68fa7bab') in 0.012790 seconds 
========================================================================
Received Import Request.
  Time since last request: 0.000022 seconds.
  path: Assets/Resources/Arts/_HUD/Break.png
  artifactKey: Guid(8e5dd7a22d01a8947ae613837a45f508) Importer(815301076,1909f56bfc062723c751e8b465ee728b)
Start importing Assets/Resources/Arts/_HUD/Break.png using Guid(8e5dd7a22d01a8947ae613837a45f508) Importer(815301076,1909f56bfc062723c751e8b465ee728b)  -> (artifact id: '6e0232a9e43f0189d8d557e2c4225e19') in 0.016615 seconds 
========================================================================
Received Import Request.
  Time since last request: 0.000016 seconds.
  path: Assets/Resources/Arts/_HUD/对战结束/again.png
  artifactKey: Guid(b07ee8b033b7b9942bb57160822a3092) Importer(815301076,1909f56bfc062723c751e8b465ee728b)
Start importing Assets/Resources/Arts/_HUD/对战结束/again.png using Guid(b07ee8b033b7b9942bb57160822a3092) Importer(815301076,1909f56bfc062723c751e8b465ee728b)  -> (artifact id: '480d53e22815e3153482f6745ecf7e3f') in 0.015213 seconds 
========================================================================
Received Import Request.
  Time since last request: 0.000024 seconds.
  path: Assets/Resources/Arts/_HUD/_background.png
  artifactKey: Guid(464dd92b7ee6bf1489ac9f764fb4b732) Importer(815301076,1909f56bfc062723c751e8b465ee728b)
Start importing Assets/Resources/Arts/_HUD/_background.png using Guid(464dd92b7ee6bf1489ac9f764fb4b732) Importer(815301076,1909f56bfc062723c751e8b465ee728b)  -> (artifact id: '3ae7615248d201b9d23a91bc67825b72') in 0.011494 seconds 
========================================================================
Received Prepare
Registering precompiled user dll's ...
Registered in 0.010657 seconds.
Begin MonoManager ReloadAssembly
Native extension for WindowsStandalone target not found
Refreshing native plugins compatible for Editor in 0.36 ms, found 2 plugins.
Preloading 0 native plugins for Editor in 0.00 ms.
Mono: successfully reloaded assembly
- Completed reload, in  0.911 seconds
Domain Reload Profiling:
	ReloadAssembly (912ms)
		BeginReloadAssembly (133ms)
			ExecutionOrderSort (0ms)
			DisableScriptedObjects (4ms)
			BackupInstance (0ms)
			ReleaseScriptingObjects (0ms)
			CreateAndSetChildDomain (26ms)
		EndReloadAssembly (698ms)
			LoadAssemblies (89ms)
			RebuildTransferFunctionScriptingTraits (0ms)
			SetupTypeCache (159ms)
			ReleaseScriptCaches (1ms)
			RebuildScriptCaches (36ms)
			SetupLoadedEditorAssemblies (259ms)
				LogAssemblyErrors (0ms)
				InitializePlatformSupportModulesInManaged (13ms)
				SetLoadedEditorAssemblies (0ms)
				RefreshPlugins (0ms)
				BeforeProcessingInitializeOnLoad (42ms)
				ProcessInitializeOnLoadAttributes (176ms)
				ProcessInitializeOnLoadMethodAttributes (20ms)
				AfterProcessingInitializeOnLoad (7ms)
				EditorAssembliesLoaded (0ms)
			ExecutionOrderSort2 (0ms)
			AwakeInstancesAfterBackupRestoration (16ms)
Platform modules already initialized, skipping
Refreshing native plugins compatible for Editor in 0.31 ms, found 2 plugins.
Preloading 0 native plugins for Editor in 0.00 ms.
Unloading 1662 Unused Serialized files (Serialized files now loaded: 0)
Unloading 18 unused Assets / (24.6 KB). Loaded Objects now: 2700.
Memory consumption went from 154.5 MB to 154.4 MB.
Total: 2.463400 ms (FindLiveObjects: 0.193600 ms CreateObjectMapping: 0.042800 ms MarkObjects: 2.206000 ms  DeleteObjects: 0.019500 ms)

AssetImportParameters requested are different than current active one (requested -> active):
  custom:video-decoder-ogg-theora: a1e56fd34408186e4bbccfd4996cb3dc -> 
  custom:container-muxer-webm: aa71ff27fc2769a1b78a27578f13a17b -> 
  custom:container-demuxer-webm: 4f35f7cbe854078d1ac9338744f61a02 -> 
  custom:video-encoder-webm-vp8: eb34c28f22e8b96e1ab97ce403110664 -> 
  custom:video-codec-MediaFoundation-h265: 746d11721c4dcdbdad8f713fa42b33f4 -> 
  custom:audio-encoder-webm-vorbis: bf7c407c2cedff20999df2af8eb42d56 -> 
  custom:framework-win-MediaFoundation: 216162199b28c13a410421893ffa2e32 -> 
  custom:container-demuxer-ogg: 62fdf1f143b41e24485cea50d1cbac27 -> 
  custom:video-decoder-webm-vp8: 9c59270c3fd7afecdb556c50c9e8de78 -> 
  custom:audio-decoder-ogg-vorbis: bf7c407c2cedff20999df2af8eb42d56 -> 
========================================================================
Received Prepare
Registering precompiled user dll's ...
Registered in 0.006581 seconds.
Begin MonoManager ReloadAssembly
Native extension for WindowsStandalone target not found
Refreshing native plugins compatible for Editor in 0.33 ms, found 2 plugins.
Preloading 0 native plugins for Editor in 0.00 ms.
Mono: successfully reloaded assembly
- Completed reload, in  0.834 seconds
Domain Reload Profiling:
	ReloadAssembly (834ms)
		BeginReloadAssembly (146ms)
			ExecutionOrderSort (0ms)
			DisableScriptedObjects (8ms)
			BackupInstance (0ms)
			ReleaseScriptingObjects (0ms)
			CreateAndSetChildDomain (30ms)
		EndReloadAssembly (593ms)
			LoadAssemblies (94ms)
			RebuildTransferFunctionScriptingTraits (0ms)
			SetupTypeCache (157ms)
			ReleaseScriptCaches (1ms)
			RebuildScriptCaches (30ms)
			SetupLoadedEditorAssemblies (242ms)
				LogAssemblyErrors (0ms)
				InitializePlatformSupportModulesInManaged (13ms)
				SetLoadedEditorAssemblies (0ms)
				RefreshPlugins (0ms)
				BeforeProcessingInitializeOnLoad (37ms)
				ProcessInitializeOnLoadAttributes (157ms)
				ProcessInitializeOnLoadMethodAttributes (23ms)
				AfterProcessingInitializeOnLoad (11ms)
				EditorAssembliesLoaded (0ms)
			ExecutionOrderSort2 (0ms)
			AwakeInstancesAfterBackupRestoration (18ms)
Platform modules already initialized, skipping
Refreshing native plugins compatible for Editor in 0.43 ms, found 2 plugins.
Preloading 0 native plugins for Editor in 0.00 ms.
Unloading 1628 Unused Serialized files (Serialized files now loaded: 0)
Unloading 18 unused Assets / (24.6 KB). Loaded Objects now: 2702.
Memory consumption went from 153.1 MB to 153.1 MB.
Total: 2.189800 ms (FindLiveObjects: 0.183900 ms CreateObjectMapping: 0.043600 ms MarkObjects: 1.942100 ms  DeleteObjects: 0.019000 ms)

AssetImportParameters requested are different than current active one (requested -> active):
  custom:video-decoder-ogg-theora: a1e56fd34408186e4bbccfd4996cb3dc -> 
  custom:container-muxer-webm: aa71ff27fc2769a1b78a27578f13a17b -> 
  custom:container-demuxer-webm: 4f35f7cbe854078d1ac9338744f61a02 -> 
  custom:video-encoder-webm-vp8: eb34c28f22e8b96e1ab97ce403110664 -> 
  custom:video-codec-MediaFoundation-h265: 746d11721c4dcdbdad8f713fa42b33f4 -> 
  custom:audio-encoder-webm-vorbis: bf7c407c2cedff20999df2af8eb42d56 -> 
  custom:framework-win-MediaFoundation: 216162199b28c13a410421893ffa2e32 -> 
  custom:container-demuxer-ogg: 62fdf1f143b41e24485cea50d1cbac27 -> 
  custom:video-decoder-webm-vp8: 9c59270c3fd7afecdb556c50c9e8de78 -> 
  custom:audio-decoder-ogg-vorbis: bf7c407c2cedff20999df2af8eb42d56 -> 
========================================================================
Received Prepare
Registering precompiled user dll's ...
Registered in 0.007216 seconds.
Begin MonoManager ReloadAssembly
Native extension for WindowsStandalone target not found
Refreshing native plugins compatible for Editor in 0.33 ms, found 2 plugins.
Preloading 0 native plugins for Editor in 0.00 ms.
Mono: successfully reloaded assembly
- Completed reload, in  0.817 seconds
Domain Reload Profiling:
	ReloadAssembly (817ms)
		BeginReloadAssembly (146ms)
			ExecutionOrderSort (0ms)
			DisableScriptedObjects (7ms)
			BackupInstance (0ms)
			ReleaseScriptingObjects (0ms)
			CreateAndSetChildDomain (26ms)
		EndReloadAssembly (594ms)
			LoadAssemblies (86ms)
			RebuildTransferFunctionScriptingTraits (0ms)
			SetupTypeCache (160ms)
			ReleaseScriptCaches (1ms)
			RebuildScriptCaches (28ms)
			SetupLoadedEditorAssemblies (243ms)
				LogAssemblyErrors (0ms)
				InitializePlatformSupportModulesInManaged (9ms)
				SetLoadedEditorAssemblies (0ms)
				RefreshPlugins (0ms)
				BeforeProcessingInitializeOnLoad (39ms)
				ProcessInitializeOnLoadAttributes (161ms)
				ProcessInitializeOnLoadMethodAttributes (24ms)
				AfterProcessingInitializeOnLoad (8ms)
				EditorAssembliesLoaded (0ms)
			ExecutionOrderSort2 (0ms)
			AwakeInstancesAfterBackupRestoration (18ms)
Platform modules already initialized, skipping
Refreshing native plugins compatible for Editor in 0.53 ms, found 2 plugins.
Preloading 0 native plugins for Editor in 0.00 ms.
Unloading 1628 Unused Serialized files (Serialized files now loaded: 0)
Unloading 18 unused Assets / (24.6 KB). Loaded Objects now: 2704.
Memory consumption went from 153.1 MB to 153.1 MB.
Total: 2.262600 ms (FindLiveObjects: 0.230800 ms CreateObjectMapping: 0.045200 ms MarkObjects: 1.970400 ms  DeleteObjects: 0.015300 ms)

AssetImportParameters requested are different than current active one (requested -> active):
  custom:video-decoder-ogg-theora: a1e56fd34408186e4bbccfd4996cb3dc -> 
  custom:container-muxer-webm: aa71ff27fc2769a1b78a27578f13a17b -> 
  custom:container-demuxer-webm: 4f35f7cbe854078d1ac9338744f61a02 -> 
  custom:video-encoder-webm-vp8: eb34c28f22e8b96e1ab97ce403110664 -> 
  custom:video-codec-MediaFoundation-h265: 746d11721c4dcdbdad8f713fa42b33f4 -> 
  custom:audio-encoder-webm-vorbis: bf7c407c2cedff20999df2af8eb42d56 -> 
  custom:framework-win-MediaFoundation: 216162199b28c13a410421893ffa2e32 -> 
  custom:container-demuxer-ogg: 62fdf1f143b41e24485cea50d1cbac27 -> 
  custom:video-decoder-webm-vp8: 9c59270c3fd7afecdb556c50c9e8de78 -> 
  custom:audio-decoder-ogg-vorbis: bf7c407c2cedff20999df2af8eb42d56 -> 
Editor requested this worker to shutdown with reason: Scaling down because of idle timeout
AssetImportWorker is now disconnected from the server
Process exiting
Exiting without the bug reporter. Application will terminate with return code 0